<?xml version="1.0" encoding="UTF-8"?>
<Site BuildName="(empty)"
	BuildStamp="20250629-1038-Experimental"
	Name="yagnadatta-GF63-Thin-11SC"
	Generator="ctest-3.16.3"
	CompilerName="/usr/bin/g++"
	CompilerVersion="9.4.0"
	OSName="Linux"
	Hostname="yagnadatta-GF63-Thin-11SC"
	OSRelease="5.15.0-139-generic"
	OSVersion="#149~20.04.1-Ubuntu SMP Wed Apr 16 08:29:56 UTC 2025"
	OSPlatform="x86_64"
	Is64Bits="1"
	VendorString="GenuineIntel"
	VendorID="Intel Corporation"
	FamilyID="6"
	ModelID="141"
	ProcessorCacheSize="24576"
	NumberOfLogicalCPU="16"
	NumberOfPhysicalCPU="8"
	TotalVirtualMemory="1425"
	TotalPhysicalMemory="15673"
	LogicalProcessorsPerPhysical="2"
	ProcessorClockFrequency="2300"
	>
	<Testing>
		<StartDateTime>Jun 29 12:38 CEST</StartDateTime>
		<StartTestTime>1751193493</StartTestTime>
		<TestList/>
		<EndDateTime>Jun 29 12:38 CEST</EndDateTime>
		<EndTestTime>1751193493</EndTestTime>
		<ElapsedMinutes>0</ElapsedMinutes>
	</Testing>
</Site>
